[debug] [2025-05-31T10:41:23.962Z] ----------------------------------------------------------------------
[debug] [2025-05-31T10:41:23.967Z] Command:       C:\nvm4w\nodejs\node.exe C:\nvm4w\nodejs\node_modules\firebase-tools\lib\bin\firebase.js init
[debug] [2025-05-31T10:41:23.967Z] CLI Version:   14.5.1
[debug] [2025-05-31T10:41:23.968Z] Platform:      win32
[debug] [2025-05-31T10:41:23.968Z] Node Version:  v20.18.2
[debug] [2025-05-31T10:41:23.968Z] Time:          Sat May 31 2025 13:41:23 GMT+0300 (Москва, стандартное время)
[debug] [2025-05-31T10:41:23.968Z] ----------------------------------------------------------------------
[debug] 
[debug] [2025-05-31T10:41:23.978Z] > command requires scopes: ["email","openid","https://www.googleapis.com/auth/cloudplatformprojects.readonly","https://www.googleapis.com/auth/firebase","https://www.googleapis.com/auth/cloud-platform"]
[debug] [2025-05-31T10:41:23.979Z] > authorizing via signed-in user (ahmedmagomedov1901@gmail.com)
[info] 
     ######## #### ########  ######## ########     ###     ######  ########
     ##        ##  ##     ## ##       ##     ##  ##   ##  ##       ##
     ######    ##  ########  ######   ########  #########  ######  ######
     ##        ##  ##    ##  ##       ##     ## ##     ##       ## ##
     ##       #### ##     ## ######## ########  ##     ##  ######  ########

You're about to initialize a Firebase project in this directory:

  C:\Users\user\Desktop\onloneshope

[info] 
=== Project Setup
[info] 
[info] First, let's associate this project directory with a Firebase project.
[info] You can create multiple project aliases by running firebase use --add, 
[info] but for now we'll just set up a default project.
[info] 
[info] 
=== Dataconnect Setup
[info] i  dataconnect\dataconnect.yaml is unchanged 
[info] i  dataconnect\schema\schema.gql is unchanged 
[info] +  Wrote dataconnect\connector\connector.yaml 
[info] i  dataconnect\connector\queries.gql is unchanged 
[info] i  dataconnect\connector\mutations.gql is unchanged 
[info] +  Detected WEB app in directory C:\Users\user\Desktop\onloneshope 
[info] i  Writing your new SDK configuration to C:\Users\user\Desktop\onloneshope\dataconnect\connector/connector.yaml 
[info] +  Wrote dataconnect\connector\connector.yaml 
[debug] [2025-05-31T10:41:47.158Z] defaultcredentials: writing to file C:\Users\user\AppData\Roaming\firebase\ahmedmagomedov1901_gmail_com_application_default_credentials.json
